<?xml version="1.0" encoding="UTF-8"?>
<testng-results ignored="0" total="1" passed="1" failed="0" skipped="0">
  <reporter-output>
  </reporter-output>
  <suite started-at="2023-08-21T23:53:18 UTC" name="Default suite" finished-at="2023-08-21T23:53:32 UTC" duration-ms="13877">
    <groups>
    </groups>
    <test started-at="2023-08-21T23:53:18 UTC" name="Default test" finished-at="2023-08-21T23:53:32 UTC" duration-ms="13877">
      <class name="com.akn.Appium.ViewText">
        <test-method is-config="true" signature="ConfigureAppium()[pri:0, instance:com.akn.Appium.ViewText@7ef82753]" started-at="2023-08-21T23:53:18 UTC" name="ConfigureAppium" finished-at="2023-08-21T23:53:29 UTC" duration-ms="10034" status="PASS">
          <reporter-output>
          </reporter-output>
        </test-method> <!-- ConfigureAppium -->
        <test-method signature="testText()[pri:0, instance:com.akn.Appium.ViewText@7ef82753]" started-at="2023-08-21T23:53:29 UTC" name="testText" finished-at="2023-08-21T23:53:32 UTC" duration-ms="3301" status="PASS">
          <reporter-output>
          </reporter-output>
        </test-method> <!-- testText -->
        <test-method is-config="true" signature="tearDown()[pri:0, instance:com.akn.Appium.ViewText@7ef82753]" started-at="2023-08-21T23:53:32 UTC" name="tearDown" finished-at="2023-08-21T23:53:32 UTC" duration-ms="488" status="PASS">
          <reporter-output>
          </reporter-output>
        </test-method> <!-- tearDown -->
      </class> <!-- com.akn.Appium.ViewText -->
    </test> <!-- Default test -->
  </suite> <!-- Default suite -->
</testng-results>
